# JRE version: OpenJDK Runtime Environment Temurin-21.0.8+9 (21.0.8+9) (build 21.0.8+9-LTS)
# Java VM: OpenJDK 64-Bit Server VM Temurin-21.0.8+9 (21.0.8+9-LTS, mixed mode, sharing, tiered, compressed oops, compressed class ptrs, parallel gc, windows-amd64)
GC Precious Log:
 CardTable entry size: 512
 CPUs: 8 total, 8 available
 Memory: 16243M
 Large Page Support: Disabled
 NUMA Support: Disabled
 Compressed Oops: Enabled (32-bit)
 Alignments: Space 512K, Generation 512K, Heap 2M
 Heap Min Capacity: 100M
 Heap Initial Capacity: 100M
 Heap Max Capacity: 2G
 Pre-touch: Disabled
 Parallel Workers: 8
Heap:
 PSYoungGen      total 9216K, used 4726K [0x00000000d5580000, 0x00000000d6380000, 0x0000000100000000)
  eden space 7680K, 45% used [0x00000000d5580000,0x00000000d58ed918,0x00000000d5d00000)
  from space 1536K, 79% used [0x00000000d6200000,0x00000000d6330010,0x00000000d6380000)
  to   space 2560K, 0% used [0x00000000d5e80000,0x00000000d5e80000,0x00000000d6100000)
 ParOldGen       total 221184K, used 219704K [0x0000000080000000, 0x000000008d800000, 0x00000000d5580000)
  object space 221184K, 99% used [0x0000000080000000,0x000000008d68e0c8,0x000000008d800000)
 Metaspace       used 72582K, committed 74240K, reserved 1179648K
  class space    used 7746K, committed 8448K, reserved 1048576K
GC Heap History (20 events):
Event: 125.215 GC heap before
{Heap before GC invocations=144 (full 3):
 PSYoungGen      total 9216K, used 8826K [0x00000000d5580000, 0x00000000d6100000, 0x0000000100000000)
  eden space 8192K, 100% used [0x00000000d5580000,0x00000000d5d80000,0x00000000d5d80000)
  from space 1024K, 61% used [0x00000000d6000000,0x00000000d609e900,0x00000000d6100000)
  to   space 1536K, 0% used [0x00000000d5e00000,0x00000000d5e00000,0x00000000d5f80000)
 ParOldGen       total 153600K, used 153369K [0x0000000080000000, 0x0000000089600000, 0x00000000d5580000)
  object space 153600K, 99% used [0x0000000080000000,0x00000000895c65e8,0x0000000089600000)
 Metaspace       used 70238K, committed 71872K, reserved 1114112K
  class space    used 7496K, committed 8256K, reserved 1048576K
}
Event: 125.217 GC heap after
{Heap after GC invocations=144 (full 3):
 PSYoungGen      total 9728K, used 804K [0x00000000d5580000, 0x00000000d6080000, 0x0000000100000000)
  eden space 8192K, 0% used [0x00000000d5580000,0x00000000d5580000,0x00000000d5d80000)
  from space 1536K, 52% used [0x00000000d5e00000,0x00000000d5ec9210,0x00000000d5f80000)
  to   space 1024K, 0% used [0x00000000d5f80000,0x00000000d5f80000,0x00000000d6080000)
 ParOldGen       total 153600K, used 153569K [0x0000000080000000, 0x0000000089600000, 0x00000000d5580000)
  object space 153600K, 99% used [0x0000000080000000,0x00000000895f85e8,0x0000000089600000)
 Metaspace       used 70238K, committed 71872K, reserved 1114112K
  class space    used 7496K, committed 8256K, reserved 1048576K
}
Event: 125.539 GC heap before
{Heap before GC invocations=145 (full 3):
 PSYoungGen      total 9728K, used 8996K [0x00000000d5580000, 0x00000000d6080000, 0x0000000100000000)
  eden space 8192K, 100% used [0x00000000d5580000,0x00000000d5d80000,0x00000000d5d80000)
  from space 1536K, 52% used [0x00000000d5e00000,0x00000000d5ec9210,0x00000000d5f80000)
  to   space 1024K, 0% used [0x00000000d5f80000,0x00000000d5f80000,0x00000000d6080000)
 ParOldGen       total 153600K, used 153569K [0x0000000080000000, 0x0000000089600000, 0x00000000d5580000)
  object space 153600K, 99% used [0x0000000080000000,0x00000000895f85e8,0x0000000089600000)
 Metaspace       used 70302K, committed 71872K, reserved 1114112K
  class space    used 7497K, committed 8256K, reserved 1048576K
}
Event: 125.542 GC heap after
{Heap after GC invocations=145 (full 3):
 PSYoungGen      total 9216K, used 516K [0x00000000d5580000, 0x00000000d6080000, 0x0000000100000000)
  eden space 8192K, 0% used [0x00000000d5580000,0x00000000d5580000,0x00000000d5d80000)
  from space 1024K, 50% used [0x00000000d5f80000,0x00000000d6001210,0x00000000d6080000)
  to   space 1024K, 0% used [0x00000000d5e80000,0x00000000d5e80000,0x00000000d5f80000)
 ParOldGen       total 154624K, used 154245K [0x0000000080000000, 0x0000000089700000, 0x00000000d5580000)
  object space 154624K, 99% used [0x0000000080000000,0x00000000896a17f8,0x0000000089700000)
 Metaspace       used 70302K, committed 71872K, reserved 1114112K
  class space    used 7497K, committed 8256K, reserved 1048576K
}
Event: 127.174 GC heap before
{Heap before GC invocations=146 (full 3):
 PSYoungGen      total 9216K, used 8708K [0x00000000d5580000, 0x00000000d6080000, 0x0000000100000000)
  eden space 8192K, 100% used [0x00000000d5580000,0x00000000d5d80000,0x00000000d5d80000)
  from space 1024K, 50% used [0x00000000d5f80000,0x00000000d6001210,0x00000000d6080000)
  to   space 1024K, 0% used [0x00000000d5e80000,0x00000000d5e80000,0x00000000d5f80000)
 ParOldGen       total 154624K, used 154245K [0x0000000080000000, 0x0000000089700000, 0x00000000d5580000)
  object space 154624K, 99% used [0x0000000080000000,0x00000000896a17f8,0x0000000089700000)
 Metaspace       used 70355K, committed 71936K, reserved 1114112K
  class space    used 7497K, committed 8256K, reserved 1048576K
}
Event: 127.176 GC heap after
{Heap after GC invocations=146 (full 3):
 PSYoungGen      total 9216K, used 522K [0x00000000d5580000, 0x00000000d6000000, 0x0000000100000000)
  eden space 8192K, 0% used [0x00000000d5580000,0x00000000d5580000,0x00000000d5d80000)
  from space 1024K, 51% used [0x00000000d5e80000,0x00000000d5f02910,0x00000000d5f80000)
  to   space 512K, 0% used [0x00000000d5f80000,0x00000000d5f80000,0x00000000d6000000)
 ParOldGen       total 154624K, used 154341K [0x0000000080000000, 0x0000000089700000, 0x00000000d5580000)
  object space 154624K, 99% used [0x0000000080000000,0x00000000896b97f8,0x0000000089700000)
 Metaspace       used 70355K, committed 71936K, reserved 1114112K
  class space    used 7497K, committed 8256K, reserved 1048576K
}
Event: 129.338 GC heap before
{Heap before GC invocations=147 (full 3):
 PSYoungGen      total 9216K, used 8714K [0x00000000d5580000, 0x00000000d6000000, 0x0000000100000000)
  eden space 8192K, 100% used [0x00000000d5580000,0x00000000d5d80000,0x00000000d5d80000)
  from space 1024K, 51% used [0x00000000d5e80000,0x00000000d5f02910,0x00000000d5f80000)
  to   space 512K, 0% used [0x00000000d5f80000,0x00000000d5f80000,0x00000000d6000000)
 ParOldGen       total 154624K, used 154341K [0x0000000080000000, 0x0000000089700000, 0x00000000d5580000)
  object space 154624K, 99% used [0x0000000080000000,0x00000000896b97f8,0x0000000089700000)
 Metaspace       used 70480K, committed 72064K, reserved 1114112K
  class space    used 7500K, committed 8256K, reserved 1048576K
}
Event: 129.340 GC heap after
{Heap after GC invocations=147 (full 3):
 PSYoungGen      total 8704K, used 224K [0x00000000d5580000, 0x00000000d6000000, 0x0000000100000000)
  eden space 8192K, 0% used [0x00000000d5580000,0x00000000d5580000,0x00000000d5d80000)
  from space 512K, 43% used [0x00000000d5f80000,0x00000000d5fb8000,0x00000000d6000000)
  to   space 512K, 0% used [0x00000000d5f00000,0x00000000d5f00000,0x00000000d5f80000)
 ParOldGen       total 154624K, used 154389K [0x0000000080000000, 0x0000000089700000, 0x00000000d5580000)
  object space 154624K, 99% used [0x0000000080000000,0x00000000896c57f8,0x0000000089700000)
 Metaspace       used 70480K, committed 72064K, reserved 1114112K
  class space    used 7500K, committed 8256K, reserved 1048576K
}
Event: 130.040 GC heap before
{Heap before GC invocations=148 (full 3):
 PSYoungGen      total 8704K, used 8416K [0x00000000d5580000, 0x00000000d6000000, 0x0000000100000000)
  eden space 8192K, 100% used [0x00000000d5580000,0x00000000d5d80000,0x00000000d5d80000)
  from space 512K, 43% used [0x00000000d5f80000,0x00000000d5fb8000,0x00000000d6000000)
  to   space 512K, 0% used [0x00000000d5f00000,0x00000000d5f00000,0x00000000d5f80000)
 ParOldGen       total 154624K, used 154389K [0x0000000080000000, 0x0000000089700000, 0x00000000d5580000)
  object space 154624K, 99% used [0x0000000080000000,0x00000000896c57f8,0x0000000089700000)
 Metaspace       used 71487K, committed 73088K, reserved 1114112K
  class space    used 7644K, committed 8384K, reserved 1048576K
}
Event: 130.041 GC heap after
{Heap after GC invocations=148 (full 3):
 PSYoungGen      total 8704K, used 320K [0x00000000d5580000, 0x00000000d6000000, 0x0000000100000000)
  eden space 8192K, 0% used [0x00000000d5580000,0x00000000d5580000,0x00000000d5d80000)
  from space 512K, 62% used [0x00000000d5f00000,0x00000000d5f50000,0x00000000d5f80000)
  to   space 512K, 0% used [0x00000000d5f80000,0x00000000d5f80000,0x00000000d6000000)
 ParOldGen       total 154624K, used 154437K [0x0000000080000000, 0x0000000089700000, 0x00000000d5580000)
  object space 154624K, 99% used [0x0000000080000000,0x00000000896d17f8,0x0000000089700000)
 Metaspace       used 71487K, committed 73088K, reserved 1114112K
  class space    used 7644K, committed 8384K, reserved 1048576K
}
Event: 144.557 GC heap before
{Heap before GC invocations=149 (full 3):
 PSYoungGen      total 8704K, used 8512K [0x00000000d5580000, 0x00000000d6000000, 0x0000000100000000)
  eden space 8192K, 100% used [0x00000000d5580000,0x00000000d5d80000,0x00000000d5d80000)
  from space 512K, 62% used [0x00000000d5f00000,0x00000000d5f50000,0x00000000d5f80000)
  to   space 512K, 0% used [0x00000000d5f80000,0x00000000d5f80000,0x00000000d6000000)
 ParOldGen       total 154624K, used 154437K [0x0000000080000000, 0x0000000089700000, 0x00000000d5580000)
  object space 154624K, 99% used [0x0000000080000000,0x00000000896d17f8,0x0000000089700000)
 Metaspace       used 71633K, committed 73216K, reserved 1179648K
  class space    used 7655K, committed 8384K, reserved 1048576K
}
Event: 144.558 GC heap after
{Heap after GC invocations=149 (full 3):
 PSYoungGen      total 8704K, used 256K [0x00000000d5580000, 0x00000000d6000000, 0x0000000100000000)
  eden space 8192K, 0% used [0x00000000d5580000,0x00000000d5580000,0x00000000d5d80000)
  from space 512K, 50% used [0x00000000d5f80000,0x00000000d5fc0000,0x00000000d6000000)
  to   space 512K, 0% used [0x00000000d5f00000,0x00000000d5f00000,0x00000000d5f80000)
 ParOldGen       total 155136K, used 154629K [0x0000000080000000, 0x0000000089780000, 0x00000000d5580000)
  object space 155136K, 99% used [0x0000000080000000,0x00000000897017f8,0x0000000089780000)
 Metaspace       used 71633K, committed 73216K, reserved 1179648K
  class space    used 7655K, committed 8384K, reserved 1048576K
}
Event: 2441.982 GC heap before
{Heap before GC invocations=150 (full 3):
 PSYoungGen      total 8704K, used 8448K [0x00000000d5580000, 0x00000000d6000000, 0x0000000100000000)
  eden space 8192K, 100% used [0x00000000d5580000,0x00000000d5d80000,0x00000000d5d80000)
  from space 512K, 50% used [0x00000000d5f80000,0x00000000d5fc0000,0x00000000d6000000)
  to   space 512K, 0% used [0x00000000d5f00000,0x00000000d5f00000,0x00000000d5f80000)
 ParOldGen       total 186880K, used 185350K [0x0000000080000000, 0x000000008b680000, 0x00000000d5580000)
  object space 186880K, 99% used [0x0000000080000000,0x000000008b501828,0x000000008b680000)
 Metaspace       used 71947K, committed 73536K, reserved 1179648K
  class space    used 7677K, committed 8384K, reserved 1048576K
}
Event: 2441.985 GC heap after
{Heap after GC invocations=150 (full 3):
 PSYoungGen      total 8704K, used 416K [0x00000000d5580000, 0x00000000d6000000, 0x0000000100000000)
  eden space 8192K, 0% used [0x00000000d5580000,0x00000000d5580000,0x00000000d5d80000)
  from space 512K, 81% used [0x00000000d5f00000,0x00000000d5f68000,0x00000000d5f80000)
  to   space 512K, 0% used [0x00000000d5f80000,0x00000000d5f80000,0x00000000d6000000)
 ParOldGen       total 186880K, used 185398K [0x0000000080000000, 0x000000008b680000, 0x00000000d5580000)
  object space 186880K, 99% used [0x0000000080000000,0x000000008b50d828,0x000000008b680000)
 Metaspace       used 71947K, committed 73536K, reserved 1179648K
  class space    used 7677K, committed 8384K, reserved 1048576K
}
Event: 2460.589 GC heap before
{Heap before GC invocations=151 (full 3):
 PSYoungGen      total 8704K, used 7899K [0x00000000d5580000, 0x00000000d6000000, 0x0000000100000000)
  eden space 8192K, 91% used [0x00000000d5580000,0x00000000d5ccee78,0x00000000d5d80000)
  from space 512K, 81% used [0x00000000d5f00000,0x00000000d5f68000,0x00000000d5f80000)
  to   space 512K, 0% used [0x00000000d5f80000,0x00000000d5f80000,0x00000000d6000000)
 ParOldGen       total 186880K, used 185398K [0x0000000080000000, 0x000000008b680000, 0x00000000d5580000)
  object space 186880K, 99% used [0x0000000080000000,0x000000008b50d828,0x000000008b680000)
 Metaspace       used 72357K, committed 73984K, reserved 1179648K
  class space    used 7720K, committed 8448K, reserved 1048576K
}
Event: 2460.591 GC heap after
{Heap after GC invocations=151 (full 3):
 PSYoungGen      total 8192K, used 499K [0x00000000d5580000, 0x00000000d6280000, 0x0000000100000000)
  eden space 7680K, 0% used [0x00000000d5580000,0x00000000d5580000,0x00000000d5d00000)
  from space 512K, 97% used [0x00000000d5f80000,0x00000000d5ffcef0,0x00000000d6000000)
  to   space 2560K, 0% used [0x00000000d5d00000,0x00000000d5d00000,0x00000000d5f80000)
 ParOldGen       total 187392K, used 186932K [0x0000000080000000, 0x000000008b700000, 0x00000000d5580000)
  object space 187392K, 99% used [0x0000000080000000,0x000000008b68d0d0,0x000000008b700000)
 Metaspace       used 72357K, committed 73984K, reserved 1179648K
  class space    used 7720K, committed 8448K, reserved 1048576K
}
Event: 2460.617 GC heap before
{Heap before GC invocations=152 (full 3):
 PSYoungGen      total 8192K, used 8179K [0x00000000d5580000, 0x00000000d6280000, 0x0000000100000000)
  eden space 7680K, 100% used [0x00000000d5580000,0x00000000d5d00000,0x00000000d5d00000)
  from space 512K, 97% used [0x00000000d5f80000,0x00000000d5ffcef0,0x00000000d6000000)
  to   space 2560K, 0% used [0x00000000d5d00000,0x00000000d5d00000,0x00000000d5f80000)
 ParOldGen       total 187392K, used 186932K [0x0000000080000000, 0x000000008b700000, 0x00000000d5580000)
  object space 187392K, 99% used [0x0000000080000000,0x000000008b68d0d0,0x000000008b700000)
 Metaspace       used 72359K, committed 73984K, reserved 1179648K
  class space    used 7720K, committed 8448K, reserved 1048576K
}
Event: 2460.619 GC heap after
{Heap after GC invocations=152 (full 3):
 PSYoungGen      total 10240K, used 2546K [0x00000000d5580000, 0x00000000d6700000, 0x0000000100000000)
  eden space 7680K, 0% used [0x00000000d5580000,0x00000000d5580000,0x00000000d5d00000)
  from space 2560K, 99% used [0x00000000d5d00000,0x00000000d5f7c8c0,0x00000000d5f80000)
  to   space 5120K, 0% used [0x00000000d6200000,0x00000000d6200000,0x00000000d6700000)
 ParOldGen       total 188928K, used 188888K [0x0000000080000000, 0x000000008b880000, 0x00000000d5580000)
  object space 188928K, 99% used [0x0000000080000000,0x000000008b876098,0x000000008b880000)
 Metaspace       used 72359K, committed 73984K, reserved 1179648K
  class space    used 7720K, committed 8448K, reserved 1048576K
}
Event: 7539.555 GC heap before
{Heap before GC invocations=153 (full 3):
 PSYoungGen      total 10240K, used 10213K [0x00000000d5580000, 0x00000000d6700000, 0x0000000100000000)
  eden space 7680K, 99% used [0x00000000d5580000,0x00000000d5cfcdf0,0x00000000d5d00000)
  from space 2560K, 99% used [0x00000000d5d00000,0x00000000d5f7c8c0,0x00000000d5f80000)
  to   space 5120K, 0% used [0x00000000d6200000,0x00000000d6200000,0x00000000d6700000)
 ParOldGen       total 188928K, used 188888K [0x0000000080000000, 0x000000008b880000, 0x00000000d5580000)
  object space 188928K, 99% used [0x0000000080000000,0x000000008b876098,0x000000008b880000)
 Metaspace       used 72497K, committed 74112K, reserved 1179648K
  class space    used 7746K, committed 8448K, reserved 1048576K
}
Event: 7539.568 GC heap after
{Heap after GC invocations=153 (full 3):
 PSYoungGen      total 9216K, used 1216K [0x00000000d5580000, 0x00000000d6380000, 0x0000000100000000)
  eden space 7680K, 0% used [0x00000000d5580000,0x00000000d5580000,0x00000000d5d00000)
  from space 1536K, 79% used [0x00000000d6200000,0x00000000d6330010,0x00000000d6380000)
  to   space 2560K, 0% used [0x00000000d5e80000,0x00000000d5e80000,0x00000000d6100000)
 ParOldGen       total 189440K, used 188984K [0x0000000080000000, 0x000000008b900000, 0x00000000d5580000)
  object space 189440K, 99% used [0x0000000080000000,0x000000008b88e098,0x000000008b900000)
 Metaspace       used 72497K, committed 74112K, reserved 1179648K
  class space    used 7746K, committed 8448K, reserved 1048576K
}

