# JRE version: OpenJDK Runtime Environment Temurin-21.0.8+9 (21.0.8+9) (build 21.0.8+9-LTS)
# Java VM: OpenJDK 64-Bit Server VM Temurin-21.0.8+9 (21.0.8+9-LTS, mixed mode, sharing, tiered, compressed oops, compressed class ptrs, parallel gc, windows-amd64)
GC Precious Log:
 CardTable entry size: 512
 CPUs: 8 total, 8 available
 Memory: 16243M
 Large Page Support: Disabled
 NUMA Support: Disabled
 Compressed Oops: Enabled (32-bit)
 Alignments: Space 512K, Generation 512K, Heap 2M
 Heap Min Capacity: 100M
 Heap Initial Capacity: 100M
 Heap Max Capacity: 2G
 Pre-touch: Disabled
 Parallel Workers: 8
Heap:
 PSYoungGen      total 4096K, used 1131K [0x00000000d5580000, 0x00000000d5a80000, 0x0000000100000000)
  eden space 3072K, 20% used [0x00000000d5580000,0x00000000d561afa0,0x00000000d5880000)
  from space 1024K, 50% used [0x00000000d5880000,0x00000000d5900000,0x00000000d5980000)
  to   space 1024K, 0% used [0x00000000d5980000,0x00000000d5980000,0x00000000d5a80000)
 ParOldGen       total 529408K, used 529103K [0x0000000080000000, 0x00000000a0500000, 0x00000000d5580000)
  object space 529408K, 99% used [0x0000000080000000,0x00000000a04b3cf8,0x00000000a0500000)
 Metaspace       used 86735K, committed 88576K, reserved 1179648K
  class space    used 9104K, committed 9984K, reserved 1048576K
GC Heap History (20 events):
Event: 5385.371 GC heap before
{Heap before GC invocations=596 (full 4):
 PSYoungGen      total 2560K, used 2546K [0x00000000d5580000, 0x00000000d5c00000, 0x0000000100000000)
  eden space 1536K, 100% used [0x00000000d5580000,0x00000000d5700000,0x00000000d5700000)
  from space 1024K, 98% used [0x00000000d5700000,0x00000000d57fcae0,0x00000000d5800000)
  to   space 2560K, 0% used [0x00000000d5980000,0x00000000d5980000,0x00000000d5c00000)
 ParOldGen       total 525824K, used 525348K [0x0000000080000000, 0x00000000a0180000, 0x00000000d5580000)
  object space 525824K, 99% used [0x0000000080000000,0x00000000a01090d8,0x00000000a0180000)
 Metaspace       used 86730K, committed 88576K, reserved 1179648K
  class space    used 9104K, committed 9984K, reserved 1048576K
}
Event: 5385.372 GC heap after
{Heap after GC invocations=596 (full 4):
 PSYoungGen      total 2560K, used 598K [0x00000000d5580000, 0x00000000d5a80000, 0x0000000100000000)
  eden space 1536K, 0% used [0x00000000d5580000,0x00000000d5580000,0x00000000d5700000)
  from space 1024K, 58% used [0x00000000d5980000,0x00000000d5a15b78,0x00000000d5a80000)
  to   space 1536K, 0% used [0x00000000d5780000,0x00000000d5780000,0x00000000d5900000)
 ParOldGen       total 526848K, used 526388K [0x0000000080000000, 0x00000000a0280000, 0x00000000d5580000)
  object space 526848K, 99% used [0x0000000080000000,0x00000000a020d290,0x00000000a0280000)
 Metaspace       used 86730K, committed 88576K, reserved 1179648K
  class space    used 9104K, committed 9984K, reserved 1048576K
}
Event: 5385.382 GC heap before
{Heap before GC invocations=597 (full 4):
 PSYoungGen      total 2560K, used 2132K [0x00000000d5580000, 0x00000000d5a80000, 0x0000000100000000)
  eden space 1536K, 99% used [0x00000000d5580000,0x00000000d56ff750,0x00000000d5700000)
  from space 1024K, 58% used [0x00000000d5980000,0x00000000d5a15b78,0x00000000d5a80000)
  to   space 1536K, 0% used [0x00000000d5780000,0x00000000d5780000,0x00000000d5900000)
 ParOldGen       total 526848K, used 526388K [0x0000000080000000, 0x00000000a0280000, 0x00000000d5580000)
  object space 526848K, 99% used [0x0000000080000000,0x00000000a020d290,0x00000000a0280000)
 Metaspace       used 86730K, committed 88576K, reserved 1179648K
  class space    used 9104K, committed 9984K, reserved 1048576K
}
Event: 5385.384 GC heap after
{Heap after GC invocations=597 (full 4):
 PSYoungGen      total 3072K, used 384K [0x00000000d5580000, 0x00000000d5a00000, 0x0000000100000000)
  eden space 1536K, 0% used [0x00000000d5580000,0x00000000d5580000,0x00000000d5700000)
  from space 1536K, 25% used [0x00000000d5780000,0x00000000d57e0000,0x00000000d5900000)
  to   space 1024K, 0% used [0x00000000d5900000,0x00000000d5900000,0x00000000d5a00000)
 ParOldGen       total 526848K, used 526804K [0x0000000080000000, 0x00000000a0280000, 0x00000000d5580000)
  object space 526848K, 99% used [0x0000000080000000,0x00000000a0275290,0x00000000a0280000)
 Metaspace       used 86730K, committed 88576K, reserved 1179648K
  class space    used 9104K, committed 9984K, reserved 1048576K
}
Event: 5385.399 GC heap before
{Heap before GC invocations=598 (full 4):
 PSYoungGen      total 3072K, used 1920K [0x00000000d5580000, 0x00000000d5a00000, 0x0000000100000000)
  eden space 1536K, 100% used [0x00000000d5580000,0x00000000d5700000,0x00000000d5700000)
  from space 1536K, 25% used [0x00000000d5780000,0x00000000d57e0000,0x00000000d5900000)
  to   space 1024K, 0% used [0x00000000d5900000,0x00000000d5900000,0x00000000d5a00000)
 ParOldGen       total 526848K, used 526804K [0x0000000080000000, 0x00000000a0280000, 0x00000000d5580000)
  object space 526848K, 99% used [0x0000000080000000,0x00000000a0275290,0x00000000a0280000)
 Metaspace       used 86730K, committed 88576K, reserved 1179648K
  class space    used 9104K, committed 9984K, reserved 1048576K
}
Event: 5385.401 GC heap after
{Heap after GC invocations=598 (full 4):
 PSYoungGen      total 2048K, used 320K [0x00000000d5580000, 0x00000000d5980000, 0x0000000100000000)
  eden space 1536K, 0% used [0x00000000d5580000,0x00000000d5580000,0x00000000d5700000)
  from space 512K, 62% used [0x00000000d5900000,0x00000000d5950000,0x00000000d5980000)
  to   space 512K, 0% used [0x00000000d5880000,0x00000000d5880000,0x00000000d5900000)
 ParOldGen       total 527360K, used 527036K [0x0000000080000000, 0x00000000a0300000, 0x00000000d5580000)
  object space 527360K, 99% used [0x0000000080000000,0x00000000a02af290,0x00000000a0300000)
 Metaspace       used 86730K, committed 88576K, reserved 1179648K
  class space    used 9104K, committed 9984K, reserved 1048576K
}
Event: 5386.183 GC heap before
{Heap before GC invocations=599 (full 4):
 PSYoungGen      total 2048K, used 1856K [0x00000000d5580000, 0x00000000d5980000, 0x0000000100000000)
  eden space 1536K, 100% used [0x00000000d5580000,0x00000000d5700000,0x00000000d5700000)
  from space 512K, 62% used [0x00000000d5900000,0x00000000d5950000,0x00000000d5980000)
  to   space 512K, 0% used [0x00000000d5880000,0x00000000d5880000,0x00000000d5900000)
 ParOldGen       total 527360K, used 527036K [0x0000000080000000, 0x00000000a0300000, 0x00000000d5580000)
  object space 527360K, 99% used [0x0000000080000000,0x00000000a02af290,0x00000000a0300000)
 Metaspace       used 86730K, committed 88576K, reserved 1179648K
  class space    used 9104K, committed 9984K, reserved 1048576K
}
Event: 5386.191 GC heap after
{Heap after GC invocations=599 (full 4):
 PSYoungGen      total 2048K, used 346K [0x00000000d5580000, 0x00000000d5980000, 0x0000000100000000)
  eden space 1536K, 0% used [0x00000000d5580000,0x00000000d5580000,0x00000000d5700000)
  from space 512K, 67% used [0x00000000d5880000,0x00000000d58d6900,0x00000000d5900000)
  to   space 512K, 0% used [0x00000000d5900000,0x00000000d5900000,0x00000000d5980000)
 ParOldGen       total 527360K, used 527258K [0x0000000080000000, 0x00000000a0300000, 0x00000000d5580000)
  object space 527360K, 99% used [0x0000000080000000,0x00000000a02e6930,0x00000000a0300000)
 Metaspace       used 86730K, committed 88576K, reserved 1179648K
  class space    used 9104K, committed 9984K, reserved 1048576K
}
Event: 5386.207 GC heap before
{Heap before GC invocations=600 (full 4):
 PSYoungGen      total 2048K, used 1882K [0x00000000d5580000, 0x00000000d5980000, 0x0000000100000000)
  eden space 1536K, 100% used [0x00000000d5580000,0x00000000d5700000,0x00000000d5700000)
  from space 512K, 67% used [0x00000000d5880000,0x00000000d58d6900,0x00000000d5900000)
  to   space 512K, 0% used [0x00000000d5900000,0x00000000d5900000,0x00000000d5980000)
 ParOldGen       total 527360K, used 527258K [0x0000000080000000, 0x00000000a0300000, 0x00000000d5580000)
  object space 527360K, 99% used [0x0000000080000000,0x00000000a02e6930,0x00000000a0300000)
 Metaspace       used 86731K, committed 88576K, reserved 1179648K
  class space    used 9104K, committed 9984K, reserved 1048576K
}
Event: 5386.215 GC heap after
{Heap after GC invocations=600 (full 4):
 PSYoungGen      total 2048K, used 368K [0x00000000d5580000, 0x00000000d5980000, 0x0000000100000000)
  eden space 1536K, 0% used [0x00000000d5580000,0x00000000d5580000,0x00000000d5700000)
  from space 512K, 71% used [0x00000000d5900000,0x00000000d595c010,0x00000000d5980000)
  to   space 512K, 0% used [0x00000000d5880000,0x00000000d5880000,0x00000000d5900000)
 ParOldGen       total 527872K, used 527509K [0x0000000080000000, 0x00000000a0380000, 0x00000000d5580000)
  object space 527872K, 99% used [0x0000000080000000,0x00000000a03255c8,0x00000000a0380000)
 Metaspace       used 86731K, committed 88576K, reserved 1179648K
  class space    used 9104K, committed 9984K, reserved 1048576K
}
Event: 5386.223 GC heap before
{Heap before GC invocations=601 (full 4):
 PSYoungGen      total 2048K, used 1904K [0x00000000d5580000, 0x00000000d5980000, 0x0000000100000000)
  eden space 1536K, 100% used [0x00000000d5580000,0x00000000d5700000,0x00000000d5700000)
  from space 512K, 71% used [0x00000000d5900000,0x00000000d595c010,0x00000000d5980000)
  to   space 512K, 0% used [0x00000000d5880000,0x00000000d5880000,0x00000000d5900000)
 ParOldGen       total 527872K, used 527509K [0x0000000080000000, 0x00000000a0380000, 0x00000000d5580000)
  object space 527872K, 99% used [0x0000000080000000,0x00000000a03255c8,0x00000000a0380000)
 Metaspace       used 86731K, committed 88576K, reserved 1179648K
  class space    used 9104K, committed 9984K, reserved 1048576K
}
Event: 5386.226 GC heap after
{Heap after GC invocations=601 (full 4):
 PSYoungGen      total 2560K, used 288K [0x00000000d5580000, 0x00000000d5980000, 0x0000000100000000)
  eden space 2048K, 0% used [0x00000000d5580000,0x00000000d5580000,0x00000000d5780000)
  from space 512K, 56% used [0x00000000d5880000,0x00000000d58c8000,0x00000000d5900000)
  to   space 512K, 0% used [0x00000000d5900000,0x00000000d5900000,0x00000000d5980000)
 ParOldGen       total 527872K, used 527803K [0x0000000080000000, 0x00000000a0380000, 0x00000000d5580000)
  object space 527872K, 99% used [0x0000000080000000,0x00000000a036efa8,0x00000000a0380000)
 Metaspace       used 86731K, committed 88576K, reserved 1179648K
  class space    used 9104K, committed 9984K, reserved 1048576K
}
Event: 5386.231 GC heap before
{Heap before GC invocations=602 (full 4):
 PSYoungGen      total 2560K, used 2336K [0x00000000d5580000, 0x00000000d5980000, 0x0000000100000000)
  eden space 2048K, 100% used [0x00000000d5580000,0x00000000d5780000,0x00000000d5780000)
  from space 512K, 56% used [0x00000000d5880000,0x00000000d58c8000,0x00000000d5900000)
  to   space 512K, 0% used [0x00000000d5900000,0x00000000d5900000,0x00000000d5980000)
 ParOldGen       total 527872K, used 527803K [0x0000000080000000, 0x00000000a0380000, 0x00000000d5580000)
  object space 527872K, 99% used [0x0000000080000000,0x00000000a036efa8,0x00000000a0380000)
 Metaspace       used 86731K, committed 88576K, reserved 1179648K
  class space    used 9104K, committed 9984K, reserved 1048576K
}
Event: 5386.233 GC heap after
{Heap after GC invocations=602 (full 4):
 PSYoungGen      total 3072K, used 288K [0x00000000d5580000, 0x00000000d5980000, 0x0000000100000000)
  eden space 2560K, 0% used [0x00000000d5580000,0x00000000d5580000,0x00000000d5800000)
  from space 512K, 56% used [0x00000000d5900000,0x00000000d5948000,0x00000000d5980000)
  to   space 512K, 0% used [0x00000000d5880000,0x00000000d5880000,0x00000000d5900000)
 ParOldGen       total 528384K, used 528003K [0x0000000080000000, 0x00000000a0400000, 0x00000000d5580000)
  object space 528384K, 99% used [0x0000000080000000,0x00000000a03a0fa8,0x00000000a0400000)
 Metaspace       used 86731K, committed 88576K, reserved 1179648K
  class space    used 9104K, committed 9984K, reserved 1048576K
}
Event: 5386.246 GC heap before
{Heap before GC invocations=603 (full 4):
 PSYoungGen      total 3072K, used 2848K [0x00000000d5580000, 0x00000000d5980000, 0x0000000100000000)
  eden space 2560K, 100% used [0x00000000d5580000,0x00000000d5800000,0x00000000d5800000)
  from space 512K, 56% used [0x00000000d5900000,0x00000000d5948000,0x00000000d5980000)
  to   space 512K, 0% used [0x00000000d5880000,0x00000000d5880000,0x00000000d5900000)
 ParOldGen       total 528384K, used 528003K [0x0000000080000000, 0x00000000a0400000, 0x00000000d5580000)
  object space 528384K, 99% used [0x0000000080000000,0x00000000a03a0fa8,0x00000000a0400000)
 Metaspace       used 86733K, committed 88576K, reserved 1179648K
  class space    used 9104K, committed 9984K, reserved 1048576K
}
Event: 5386.248 GC heap after
{Heap after GC invocations=603 (full 4):
 PSYoungGen      total 3584K, used 506K [0x00000000d5580000, 0x00000000d5a80000, 0x0000000100000000)
  eden space 3072K, 0% used [0x00000000d5580000,0x00000000d5580000,0x00000000d5880000)
  from space 512K, 98% used [0x00000000d5880000,0x00000000d58fe900,0x00000000d5900000)
  to   space 1024K, 0% used [0x00000000d5980000,0x00000000d5980000,0x00000000d5a80000)
 ParOldGen       total 528384K, used 528179K [0x0000000080000000, 0x00000000a0400000, 0x00000000d5580000)
  object space 528384K, 99% used [0x0000000080000000,0x00000000a03ccfb8,0x00000000a0400000)
 Metaspace       used 86733K, committed 88576K, reserved 1179648K
  class space    used 9104K, committed 9984K, reserved 1048576K
}
Event: 5386.254 GC heap before
{Heap before GC invocations=604 (full 4):
 PSYoungGen      total 3584K, used 3578K [0x00000000d5580000, 0x00000000d5a80000, 0x0000000100000000)
  eden space 3072K, 100% used [0x00000000d5580000,0x00000000d5880000,0x00000000d5880000)
  from space 512K, 98% used [0x00000000d5880000,0x00000000d58fe900,0x00000000d5900000)
  to   space 1024K, 0% used [0x00000000d5980000,0x00000000d5980000,0x00000000d5a80000)
 ParOldGen       total 528384K, used 528179K [0x0000000080000000, 0x00000000a0400000, 0x00000000d5580000)
  object space 528384K, 99% used [0x0000000080000000,0x00000000a03ccfb8,0x00000000a0400000)
 Metaspace       used 86733K, committed 88576K, reserved 1179648K
  class space    used 9104K, committed 9984K, reserved 1048576K
}
Event: 5386.256 GC heap after
{Heap after GC invocations=604 (full 4):
 PSYoungGen      total 4096K, used 480K [0x00000000d5580000, 0x00000000d5b80000, 0x0000000100000000)
  eden space 3072K, 0% used [0x00000000d5580000,0x00000000d5580000,0x00000000d5880000)
  from space 1024K, 46% used [0x00000000d5980000,0x00000000d59f8000,0x00000000d5a80000)
  to   space 1024K, 0% used [0x00000000d5880000,0x00000000d5880000,0x00000000d5980000)
 ParOldGen       total 528896K, used 528687K [0x0000000080000000, 0x00000000a0480000, 0x00000000d5580000)
  object space 528896K, 99% used [0x0000000080000000,0x00000000a044bcf8,0x00000000a0480000)
 Metaspace       used 86733K, committed 88576K, reserved 1179648K
  class space    used 9104K, committed 9984K, reserved 1048576K
}
Event: 5386.267 GC heap before
{Heap before GC invocations=605 (full 4):
 PSYoungGen      total 4096K, used 3536K [0x00000000d5580000, 0x00000000d5b80000, 0x0000000100000000)
  eden space 3072K, 99% used [0x00000000d5580000,0x00000000d587c2e0,0x00000000d5880000)
  from space 1024K, 46% used [0x00000000d5980000,0x00000000d59f8000,0x00000000d5a80000)
  to   space 1024K, 0% used [0x00000000d5880000,0x00000000d5880000,0x00000000d5980000)
 ParOldGen       total 528896K, used 528687K [0x0000000080000000, 0x00000000a0480000, 0x00000000d5580000)
  object space 528896K, 99% used [0x0000000080000000,0x00000000a044bcf8,0x00000000a0480000)
 Metaspace       used 86735K, committed 88576K, reserved 1179648K
  class space    used 9104K, committed 9984K, reserved 1048576K
}
Event: 5386.268 GC heap after
{Heap after GC invocations=605 (full 4):
 PSYoungGen      total 4096K, used 512K [0x00000000d5580000, 0x00000000d5a80000, 0x0000000100000000)
  eden space 3072K, 0% used [0x00000000d5580000,0x00000000d5580000,0x00000000d5880000)
  from space 1024K, 50% used [0x00000000d5880000,0x00000000d5900000,0x00000000d5980000)
  to   space 1024K, 0% used [0x00000000d5980000,0x00000000d5980000,0x00000000d5a80000)
 ParOldGen       total 529408K, used 529103K [0x0000000080000000, 0x00000000a0500000, 0x00000000d5580000)
  object space 529408K, 99% used [0x0000000080000000,0x00000000a04b3cf8,0x00000000a0500000)
 Metaspace       used 86735K, committed 88576K, reserved 1179648K
  class space    used 9104K, committed 9984K, reserved 1048576K
}

